[32m[Nest] 16884  - [39m04/24/2026, 9:01:25 PM [32m    LOG[39m [38;5;3m[NestFactory] [39m[32mStarting Nest application...[39m
[32m[Nest] 16884  - [39m04/24/2026, 9:01:25 PM [32m    LOG[39m [38;5;3m[InstanceLoader] [39m[32mTypeOrmModule dependencies initialized[39m[38;5;3m +15ms[39m
[32m[Nest] 16884  - [39m04/24/2026, 9:01:25 PM [32m    LOG[39m [38;5;3m[InstanceLoader] [39m[32mPassportModule dependencies initialized[39m[38;5;3m +0ms[39m
[32m[Nest] 16884  - [39m04/24/2026, 9:01:25 PM [32m    LOG[39m [38;5;3m[InstanceLoader] [39m[32mConfigHostModule dependencies initialized[39m[38;5;3m +1ms[39m
[32m[Nest] 16884  - [39m04/24/2026, 9:01:25 PM [32m    LOG[39m [38;5;3m[InstanceLoader] [39m[32mConfigModule dependencies initialized[39m[38;5;3m +0ms[39m
[32m[Nest] 16884  - [39m04/24/2026, 9:01:25 PM [32m    LOG[39m [38;5;3m[InstanceLoader] [39m[32mConfigModule dependencies initialized[39m[38;5;3m +1ms[39m
[32m[Nest] 16884  - [39m04/24/2026, 9:01:25 PM [32m    LOG[39m [38;5;3m[InstanceLoader] [39m[32mJwtModule dependencies initialized[39m[38;5;3m +0ms[39m
[32m[Nest] 16884  - [39m04/24/2026, 9:01:25 PM [32m    LOG[39m [38;5;3m[InstanceLoader] [39m[32mAppModule dependencies initialized[39m[38;5;3m +0ms[39m
query: PRAGMA foreign_keys = OFF
query: BEGIN TRANSACTION
query: SELECT * FROM "sqlite_master" WHERE "type" = 'table' AND "name" IN ('users','stores','products','orders','reviews')
query: SELECT * FROM "sqlite_master" WHERE "type" = 'index' AND "tbl_name" IN ('users','stores','products','orders','reviews')
query: PRAGMA table_xinfo("users")
query: PRAGMA index_list("users")
query: PRAGMA foreign_key_list("users")
query: PRAGMA table_xinfo("stores")
query: PRAGMA index_list("stores")
query: PRAGMA foreign_key_list("stores")
query: PRAGMA table_xinfo("products")
query: PRAGMA index_list("products")
query: PRAGMA foreign_key_list("products")
query: PRAGMA table_xinfo("reviews")
query: PRAGMA index_list("reviews")
query: PRAGMA foreign_key_list("reviews")
query: PRAGMA table_xinfo("orders")
query: PRAGMA index_list("orders")
query: PRAGMA foreign_key_list("orders")
query: PRAGMA index_info("IDX_9007ffba411fd471dfe233dabf")
query: PRAGMA index_info("sqlite_autoindex_stores_3")
query: PRAGMA index_info("sqlite_autoindex_stores_2")
query: PRAGMA index_info("sqlite_autoindex_users_2")
query: SELECT * FROM "sqlite_master" WHERE "type" = 'table' AND "name" = 'typeorm_metadata'
query: COMMIT
query: PRAGMA foreign_keys = ON
[32m[Nest] 16884  - [39m04/24/2026, 9:01:25 PM [32m    LOG[39m [38;5;3m[InstanceLoader] [39m[32mTypeOrmCoreModule dependencies initialized[39m[38;5;3m +36ms[39m
[32m[Nest] 16884  - [39m04/24/2026, 9:01:25 PM [32m    LOG[39m [38;5;3m[InstanceLoader] [39m[32mTypeOrmModule dependencies initialized[39m[38;5;3m +0ms[39m
[32m[Nest] 16884  - [39m04/24/2026, 9:01:25 PM [32m    LOG[39m [38;5;3m[InstanceLoader] [39m[32mTypeOrmModule dependencies initialized[39m[38;5;3m +0ms[39m
[32m[Nest] 16884  - [39m04/24/2026, 9:01:25 PM [32m    LOG[39m [38;5;3m[InstanceLoader] [39m[32mTypeOrmModule dependencies initialized[39m[38;5;3m +0ms[39m
[32m[Nest] 16884  - [39m04/24/2026, 9:01:25 PM [32m    LOG[39m [38;5;3m[InstanceLoader] [39m[32mTypeOrmModule dependencies initialized[39m[38;5;3m +0ms[39m
[32m[Nest] 16884  - [39m04/24/2026, 9:01:25 PM [32m    LOG[39m [38;5;3m[InstanceLoader] [39m[32mTypeOrmModule dependencies initialized[39m[38;5;3m +0ms[39m
[32m[Nest] 16884  - [39m04/24/2026, 9:01:25 PM [32m    LOG[39m [38;5;3m[InstanceLoader] [39m[32mUsersModule dependencies initialized[39m[38;5;3m +1ms[39m
[32m[Nest] 16884  - [39m04/24/2026, 9:01:25 PM [32m    LOG[39m [38;5;3m[InstanceLoader] [39m[32mStoresModule dependencies initialized[39m[38;5;3m +0ms[39m
[32m[Nest] 16884  - [39m04/24/2026, 9:01:25 PM [32m    LOG[39m [38;5;3m[InstanceLoader] [39m[32mProductsModule dependencies initialized[39m[38;5;3m +1ms[39m
[32m[Nest] 16884  - [39m04/24/2026, 9:01:25 PM [32m    LOG[39m [38;5;3m[InstanceLoader] [39m[32mReviewsModule dependencies initialized[39m[38;5;3m +0ms[39m
[32m[Nest] 16884  - [39m04/24/2026, 9:01:25 PM [32m    LOG[39m [38;5;3m[InstanceLoader] [39m[32mOrdersModule dependencies initialized[39m[38;5;3m +0ms[39m
[32m[Nest] 16884  - [39m04/24/2026, 9:01:25 PM [32m    LOG[39m [38;5;3m[InstanceLoader] [39m[32mAuthModule dependencies initialized[39m[38;5;3m +0ms[39m
[32m[Nest] 16884  - [39m04/24/2026, 9:01:25 PM [32m    LOG[39m [38;5;3m[RoutesResolver] [39m[32mAppController {/}:[39m[38;5;3m +4ms[39m
[32m[Nest] 16884  - [39m04/24/2026, 9:01:25 PM [32m    LOG[39m [38;5;3m[RouterExplorer] [39m[32mMapped {/, GET} route[39m[38;5;3m +2ms[39m
[32m[Nest] 16884  - [39m04/24/2026, 9:01:25 PM [32m    LOG[39m [38;5;3m[RoutesResolver] [39m[32mUsersController {/users}:[39m[38;5;3m +0ms[39m
[32m[Nest] 16884  - [39m04/24/2026, 9:01:25 PM [32m    LOG[39m [38;5;3m[RouterExplorer] [39m[32mMapped {/users, POST} route[39m[38;5;3m +1ms[39m
[32m[Nest] 16884  - [39m04/24/2026, 9:01:25 PM [32m    LOG[39m [38;5;3m[RouterExplorer] [39m[32mMapped {/users, GET} route[39m[38;5;3m +0ms[39m
[32m[Nest] 16884  - [39m04/24/2026, 9:01:25 PM [32m    LOG[39m [38;5;3m[RouterExplorer] [39m[32mMapped {/users/:id, GET} route[39m[38;5;3m +0ms[39m
[32m[Nest] 16884  - [39m04/24/2026, 9:01:25 PM [32m    LOG[39m [38;5;3m[RouterExplorer] [39m[32mMapped {/users/:id, PATCH} route[39m[38;5;3m +1ms[39m
[32m[Nest] 16884  - [39m04/24/2026, 9:01:25 PM [32m    LOG[39m [38;5;3m[RouterExplorer] [39m[32mMapped {/users/:id, DELETE} route[39m[38;5;3m +0ms[39m
[32m[Nest] 16884  - [39m04/24/2026, 9:01:25 PM [32m    LOG[39m [38;5;3m[RoutesResolver] [39m[32mAuthController {/auth}:[39m[38;5;3m +0ms[39m
[32m[Nest] 16884  - [39m04/24/2026, 9:01:25 PM [32m    LOG[39m [38;5;3m[RouterExplorer] [39m[32mMapped {/auth/register, POST} route[39m[38;5;3m +0ms[39m
[32m[Nest] 16884  - [39m04/24/2026, 9:01:25 PM [32m    LOG[39m [38;5;3m[RouterExplorer] [39m[32mMapped {/auth/login, POST} route[39m[38;5;3m +1ms[39m
[32m[Nest] 16884  - [39m04/24/2026, 9:01:25 PM [32m    LOG[39m [38;5;3m[RouterExplorer] [39m[32mMapped {/auth/profile, GET} route[39m[38;5;3m +0ms[39m
[32m[Nest] 16884  - [39m04/24/2026, 9:01:25 PM [32m    LOG[39m [38;5;3m[RoutesResolver] [39m[32mStoresController {/stores}:[39m[38;5;3m +0ms[39m
[32m[Nest] 16884  - [39m04/24/2026, 9:01:25 PM [32m    LOG[39m [38;5;3m[RouterExplorer] [39m[32mMapped {/stores, POST} route[39m[38;5;3m +0ms[39m
[32m[Nest] 16884  - [39m04/24/2026, 9:01:25 PM [32m    LOG[39m [38;5;3m[RouterExplorer] [39m[32mMapped {/stores, GET} route[39m[38;5;3m +1ms[39m
[32m[Nest] 16884  - [39m04/24/2026, 9:01:25 PM [32m    LOG[39m [38;5;3m[RouterExplorer] [39m[32mMapped {/stores/my-stores, GET} route[39m[38;5;3m +0ms[39m
[32m[Nest] 16884  - [39m04/24/2026, 9:01:25 PM [32m    LOG[39m [38;5;3m[RouterExplorer] [39m[32mMapped {/stores/owner/:ownerId, GET} route[39m[38;5;3m +0ms[39m
[32m[Nest] 16884  - [39m04/24/2026, 9:01:25 PM [32m    LOG[39m [38;5;3m[RouterExplorer] [39m[32mMapped {/stores/slug/:slug, GET} route[39m[38;5;3m +0ms[39m
[32m[Nest] 16884  - [39m04/24/2026, 9:01:25 PM [32m    LOG[39m [38;5;3m[RouterExplorer] [39m[32mMapped {/stores/:id, GET} route[39m[38;5;3m +1ms[39m
[32m[Nest] 16884  - [39m04/24/2026, 9:01:25 PM [32m    LOG[39m [38;5;3m[RouterExplorer] [39m[32mMapped {/stores/:id, PATCH} route[39m[38;5;3m +0ms[39m
[32m[Nest] 16884  - [39m04/24/2026, 9:01:25 PM [32m    LOG[39m [38;5;3m[RouterExplorer] [39m[32mMapped {/stores/:id, DELETE} route[39m[38;5;3m +0ms[39m
[32m[Nest] 16884  - [39m04/24/2026, 9:01:25 PM [32m    LOG[39m [38;5;3m[RoutesResolver] [39m[32mProductsController {/products}:[39m[38;5;3m +0ms[39m
[32m[Nest] 16884  - [39m04/24/2026, 9:01:25 PM [32m    LOG[39m [38;5;3m[RouterExplorer] [39m[32mMapped {/products, POST} route[39m[38;5;3m +0ms[39m
[32m[Nest] 16884  - [39m04/24/2026, 9:01:25 PM [32m    LOG[39m [38;5;3m[RouterExplorer] [39m[32mMapped {/products, GET} route[39m[38;5;3m +1ms[39m
[32m[Nest] 16884  - [39m04/24/2026, 9:01:25 PM [32m    LOG[39m [38;5;3m[RouterExplorer] [39m[32mMapped {/products/my-products, GET} route[39m[38;5;3m +0ms[39m
[32m[Nest] 16884  - [39m04/24/2026, 9:01:25 PM [32m    LOG[39m [38;5;3m[RouterExplorer] [39m[32mMapped {/products/store/:storeId, GET} route[39m[38;5;3m +0ms[39m
[32m[Nest] 16884  - [39m04/24/2026, 9:01:25 PM [32m    LOG[39m [38;5;3m[RouterExplorer] [39m[32mMapped {/products/category/:category, GET} route[39m[38;5;3m +0ms[39m
[32m[Nest] 16884  - [39m04/24/2026, 9:01:25 PM [32m    LOG[39m [38;5;3m[RouterExplorer] [39m[32mMapped {/products/:id, GET} route[39m[38;5;3m +0ms[39m
[32m[Nest] 16884  - [39m04/24/2026, 9:01:25 PM [32m    LOG[39m [38;5;3m[RouterExplorer] [39m[32mMapped {/products/:id, PATCH} route[39m[38;5;3m +1ms[39m
[32m[Nest] 16884  - [39m04/24/2026, 9:01:25 PM [32m    LOG[39m [38;5;3m[RouterExplorer] [39m[32mMapped {/products/:id, DELETE} route[39m[38;5;3m +0ms[39m
[32m[Nest] 16884  - [39m04/24/2026, 9:01:25 PM [32m    LOG[39m [38;5;3m[RoutesResolver] [39m[32mOrdersController {/orders}:[39m[38;5;3m +0ms[39m
[32m[Nest] 16884  - [39m04/24/2026, 9:01:25 PM [32m    LOG[39m [38;5;3m[RouterExplorer] [39m[32mMapped {/orders, POST} route[39m[38;5;3m +0ms[39m
[32m[Nest] 16884  - [39m04/24/2026, 9:01:25 PM [32m    LOG[39m [38;5;3m[RouterExplorer] [39m[32mMapped {/orders, GET} route[39m[38;5;3m +0ms[39m
[32m[Nest] 16884  - [39m04/24/2026, 9:01:25 PM [32m    LOG[39m [38;5;3m[RouterExplorer] [39m[32mMapped {/orders/store/:storeId, GET} route[39m[38;5;3m +1ms[39m
[32m[Nest] 16884  - [39m04/24/2026, 9:01:25 PM [32m    LOG[39m [38;5;3m[RouterExplorer] [39m[32mMapped {/orders/:id, GET} route[39m[38;5;3m +0ms[39m
[32m[Nest] 16884  - [39m04/24/2026, 9:01:25 PM [32m    LOG[39m [38;5;3m[RouterExplorer] [39m[32mMapped {/orders/:id/status, PATCH} route[39m[38;5;3m +0ms[39m
[32m[Nest] 16884  - [39m04/24/2026, 9:01:25 PM [32m    LOG[39m [38;5;3m[RoutesResolver] [39m[32mReviewsController {/reviews}:[39m[38;5;3m +0ms[39m
[32m[Nest] 16884  - [39m04/24/2026, 9:01:25 PM [32m    LOG[39m [38;5;3m[RouterExplorer] [39m[32mMapped {/reviews, POST} route[39m[38;5;3m +0ms[39m
[32m[Nest] 16884  - [39m04/24/2026, 9:01:26 PM [32m    LOG[39m [38;5;3m[RouterExplorer] [39m[32mMapped {/reviews/product/:productId, GET} route[39m[38;5;3m +1ms[39m
[32m[Nest] 16884  - [39m04/24/2026, 9:01:26 PM [32m    LOG[39m [38;5;3m[RouterExplorer] [39m[32mMapped {/reviews/product/:productId/rating, GET} route[39m[38;5;3m +0ms[39m
[32m[Nest] 16884  - [39m04/24/2026, 9:01:26 PM [32m    LOG[39m [38;5;3m[RouterExplorer] [39m[32mMapped {/reviews/user/product/:productId/status, GET} route[39m[38;5;3m +0ms[39m
[32m[Nest] 16884  - [39m04/24/2026, 9:01:26 PM [32m    LOG[39m [38;5;3m[RouterExplorer] [39m[32mMapped {/reviews/user/product/:productId, GET} route[39m[38;5;3m +0ms[39m
[32m[Nest] 16884  - [39m04/24/2026, 9:01:26 PM [32m    LOG[39m [38;5;3m[RouterExplorer] [39m[32mMapped {/reviews/:id, GET} route[39m[38;5;3m +1ms[39m
[32m[Nest] 16884  - [39m04/24/2026, 9:01:26 PM [32m    LOG[39m [38;5;3m[RouterExplorer] [39m[32mMapped {/reviews/:id, PATCH} route[39m[38;5;3m +0ms[39m
[32m[Nest] 16884  - [39m04/24/2026, 9:01:26 PM [32m    LOG[39m [38;5;3m[RouterExplorer] [39m[32mMapped {/reviews/:id, DELETE} route[39m[38;5;3m +0ms[39m
[32m[Nest] 16884  - [39m04/24/2026, 9:01:26 PM [32m    LOG[39m [38;5;3m[NestApplication] [39m[32mNest application successfully started[39m[38;5;3m +2ms[39m
Application is running on: http://localhost:3000
query: SELECT "User"."id" AS "User_id", "User"."email" AS "User_email", "User"."password" AS "User_password", "User"."firstName" AS "User_firstName", "User"."lastName" AS "User_lastName", "User"."role" AS "User_role", "User"."createdAt" AS "User_createdAt", "User"."updatedAt" AS "User_updatedAt" FROM "users" "User" WHERE (("User"."id" = ?)) LIMIT 1 -- PARAMETERS: ["82bbaf0e-6b88-4618-882e-9158024e4b0c"]
query: SELECT "Review"."id" AS "Review_id", "Review"."userId" AS "Review_userId", "Review"."productId" AS "Review_productId", "Review"."rating" AS "Review_rating", "Review"."comment" AS "Review_comment", "Review"."createdAt" AS "Review_createdAt", "Review"."updatedAt" AS "Review_updatedAt", "Review__Review_user"."id" AS "Review__Review_user_id", "Review__Review_user"."email" AS "Review__Review_user_email", "Review__Review_user"."password" AS "Review__Review_user_password", "Review__Review_user"."firstName" AS "Review__Review_user_firstName", "Review__Review_user"."lastName" AS "Review__Review_user_lastName", "Review__Review_user"."role" AS "Review__Review_user_role", "Review__Review_user"."createdAt" AS "Review__Review_user_createdAt", "Review__Review_user"."updatedAt" AS "Review__Review_user_updatedAt" FROM "reviews" "Review" LEFT JOIN "users" "Review__Review_user" ON "Review__Review_user"."id"="Review"."userId" WHERE (("Review"."productId" = ?)) ORDER BY "Review"."createdAt" DESC -- PARAMETERS: ["442e5cfd-37a7-40db-83dc-16d75848d2f5"]
query: SELECT AVG("review"."rating") AS "average", COUNT("review"."id") AS "count" FROM "reviews" "review" WHERE "review"."productId" = ? -- PARAMETERS: ["442e5cfd-37a7-40db-83dc-16d75848d2f5"]
query: SELECT DISTINCT "distinctAlias"."Product_id" AS "ids_Product_id" FROM (SELECT "Product"."id" AS "Product_id", "Product"."name" AS "Product_name", "Product"."description" AS "Product_description", "Product"."price" AS "Product_price", "Product"."stock" AS "Product_stock", "Product"."category" AS "Product_category", "Product"."images" AS "Product_images", "Product"."storeId" AS "Product_storeId", "Product"."isAvailable" AS "Product_isAvailable", "Product"."weight" AS "Product_weight", "Product"."averageRating" AS "Product_averageRating", "Product"."reviewCount" AS "Product_reviewCount", "Product"."createdAt" AS "Product_createdAt", "Product"."updatedAt" AS "Product_updatedAt", "Product__Product_store"."id" AS "Product__Product_store_id", "Product__Product_store"."name" AS "Product__Product_store_name", "Product__Product_store"."slug" AS "Product__Product_store_slug", "Product__Product_store"."description" AS "Product__Product_store_description", "Product__Product_store"."ownerId" AS "Product__Product_store_ownerId", "Product__Product_store"."address" AS "Product__Product_store_address", "Product__Product_store"."phone" AS "Product__Product_store_phone", "Product__Product_store"."email" AS "Product__Product_store_email", "Product__Product_store"."logo" AS "Product__Product_store_logo", "Product__Product_store"."banner" AS "Product__Product_store_banner", "Product__Product_store"."isActive" AS "Product__Product_store_isActive", "Product__Product_store"."createdAt" AS "Product__Product_store_createdAt", "Product__Product_store"."updatedAt" AS "Product__Product_store_updatedAt" FROM "products" "Product" LEFT JOIN "stores" "Product__Product_store" ON "Product__Product_store"."id"="Product"."storeId" WHERE (("Product"."id" = ?))) "distinctAlias" ORDER BY "Product_id" ASC LIMIT 1 -- PARAMETERS: ["442e5cfd-37a7-40db-83dc-16d75848d2f5"]
query: SELECT "Review"."id" AS "Review_id", "Review"."userId" AS "Review_userId", "Review"."productId" AS "Review_productId", "Review"."rating" AS "Review_rating", "Review"."comment" AS "Review_comment", "Review"."createdAt" AS "Review_createdAt", "Review"."updatedAt" AS "Review_updatedAt", "Review__Review_user"."id" AS "Review__Review_user_id", "Review__Review_user"."email" AS "Review__Review_user_email", "Review__Review_user"."password" AS "Review__Review_user_password", "Review__Review_user"."firstName" AS "Review__Review_user_firstName", "Review__Review_user"."lastName" AS "Review__Review_user_lastName", "Review__Review_user"."role" AS "Review__Review_user_role", "Review__Review_user"."createdAt" AS "Review__Review_user_createdAt", "Review__Review_user"."updatedAt" AS "Review__Review_user_updatedAt" FROM "reviews" "Review" LEFT JOIN "users" "Review__Review_user" ON "Review__Review_user"."id"="Review"."userId" WHERE (("Review"."productId" = ?)) ORDER BY "Review"."createdAt" DESC -- PARAMETERS: ["442e5cfd-37a7-40db-83dc-16d75848d2f5"]
query: SELECT "Product"."id" AS "Product_id", "Product"."name" AS "Product_name", "Product"."description" AS "Product_description", "Product"."price" AS "Product_price", "Product"."stock" AS "Product_stock", "Product"."category" AS "Product_category", "Product"."images" AS "Product_images", "Product"."storeId" AS "Product_storeId", "Product"."isAvailable" AS "Product_isAvailable", "Product"."weight" AS "Product_weight", "Product"."averageRating" AS "Product_averageRating", "Product"."reviewCount" AS "Product_reviewCount", "Product"."createdAt" AS "Product_createdAt", "Product"."updatedAt" AS "Product_updatedAt", "Product__Product_store"."id" AS "Product__Product_store_id", "Product__Product_store"."name" AS "Product__Product_store_name", "Product__Product_store"."slug" AS "Product__Product_store_slug", "Product__Product_store"."description" AS "Product__Product_store_description", "Product__Product_store"."ownerId" AS "Product__Product_store_ownerId", "Product__Product_store"."address" AS "Product__Product_store_address", "Product__Product_store"."phone" AS "Product__Product_store_phone", "Product__Product_store"."email" AS "Product__Product_store_email", "Product__Product_store"."logo" AS "Product__Product_store_logo", "Product__Product_store"."banner" AS "Product__Product_store_banner", "Product__Product_store"."isActive" AS "Product__Product_store_isActive", "Product__Product_store"."createdAt" AS "Product__Product_store_createdAt", "Product__Product_store"."updatedAt" AS "Product__Product_store_updatedAt" FROM "products" "Product" LEFT JOIN "stores" "Product__Product_store" ON "Product__Product_store"."id"="Product"."storeId" WHERE ( (("Product"."id" = ?)) ) AND ( "Product"."id" IN (?) ) -- PARAMETERS: ["442e5cfd-37a7-40db-83dc-16d75848d2f5","442e5cfd-37a7-40db-83dc-16d75848d2f5"]
query: SELECT AVG("review"."rating") AS "average", COUNT("review"."id") AS "count" FROM "reviews" "review" WHERE "review"."productId" = ? -- PARAMETERS: ["442e5cfd-37a7-40db-83dc-16d75848d2f5"]
query: SELECT "User"."id" AS "User_id", "User"."email" AS "User_email", "User"."password" AS "User_password", "User"."firstName" AS "User_firstName", "User"."lastName" AS "User_lastName", "User"."role" AS "User_role", "User"."createdAt" AS "User_createdAt", "User"."updatedAt" AS "User_updatedAt" FROM "users" "User" WHERE (("User"."id" = ?)) LIMIT 1 -- PARAMETERS: ["82bbaf0e-6b88-4618-882e-9158024e4b0c"]
query: SELECT "User"."id" AS "User_id", "User"."email" AS "User_email", "User"."password" AS "User_password", "User"."firstName" AS "User_firstName", "User"."lastName" AS "User_lastName", "User"."role" AS "User_role", "User"."createdAt" AS "User_createdAt", "User"."updatedAt" AS "User_updatedAt" FROM "users" "User" WHERE (("User"."id" = ?)) LIMIT 1 -- PARAMETERS: ["82bbaf0e-6b88-4618-882e-9158024e4b0c"]
query: SELECT "User"."id" AS "User_id", "User"."email" AS "User_email", "User"."password" AS "User_password", "User"."firstName" AS "User_firstName", "User"."lastName" AS "User_lastName", "User"."role" AS "User_role", "User"."createdAt" AS "User_createdAt", "User"."updatedAt" AS "User_updatedAt" FROM "users" "User" WHERE (("User"."id" = ?)) LIMIT 1 -- PARAMETERS: ["82bbaf0e-6b88-4618-882e-9158024e4b0c"]
query: SELECT "User"."id" AS "User_id", "User"."email" AS "User_email", "User"."password" AS "User_password", "User"."firstName" AS "User_firstName", "User"."lastName" AS "User_lastName", "User"."role" AS "User_role", "User"."createdAt" AS "User_createdAt", "User"."updatedAt" AS "User_updatedAt" FROM "users" "User" WHERE (("User"."id" = ?)) LIMIT 1 -- PARAMETERS: ["82bbaf0e-6b88-4618-882e-9158024e4b0c"]
query: SELECT "Review"."id" AS "Review_id", "Review"."userId" AS "Review_userId", "Review"."productId" AS "Review_productId", "Review"."rating" AS "Review_rating", "Review"."comment" AS "Review_comment", "Review"."createdAt" AS "Review_createdAt", "Review"."updatedAt" AS "Review_updatedAt" FROM "reviews" "Review" WHERE (("Review"."userId" = ?) AND ("Review"."productId" = ?)) LIMIT 1 -- PARAMETERS: ["82bbaf0e-6b88-4618-882e-9158024e4b0c","442e5cfd-37a7-40db-83dc-16d75848d2f5"]
query: SELECT DISTINCT "distinctAlias"."Product_id" AS "ids_Product_id" FROM (SELECT "Product"."id" AS "Product_id", "Product"."name" AS "Product_name", "Product"."description" AS "Product_description", "Product"."price" AS "Product_price", "Product"."stock" AS "Product_stock", "Product"."category" AS "Product_category", "Product"."images" AS "Product_images", "Product"."storeId" AS "Product_storeId", "Product"."isAvailable" AS "Product_isAvailable", "Product"."weight" AS "Product_weight", "Product"."averageRating" AS "Product_averageRating", "Product"."reviewCount" AS "Product_reviewCount", "Product"."createdAt" AS "Product_createdAt", "Product"."updatedAt" AS "Product_updatedAt", "Product__Product_store"."id" AS "Product__Product_store_id", "Product__Product_store"."name" AS "Product__Product_store_name", "Product__Product_store"."slug" AS "Product__Product_store_slug", "Product__Product_store"."description" AS "Product__Product_store_description", "Product__Product_store"."ownerId" AS "Product__Product_store_ownerId", "Product__Product_store"."address" AS "Product__Product_store_address", "Product__Product_store"."phone" AS "Product__Product_store_phone", "Product__Product_store"."email" AS "Product__Product_store_email", "Product__Product_store"."logo" AS "Product__Product_store_logo", "Product__Product_store"."banner" AS "Product__Product_store_banner", "Product__Product_store"."isActive" AS "Product__Product_store_isActive", "Product__Product_store"."createdAt" AS "Product__Product_store_createdAt", "Product__Product_store"."updatedAt" AS "Product__Product_store_updatedAt" FROM "products" "Product" LEFT JOIN "stores" "Product__Product_store" ON "Product__Product_store"."id"="Product"."storeId" WHERE (("Product"."id" = ?))) "distinctAlias" ORDER BY "Product_id" ASC LIMIT 1 -- PARAMETERS: ["442e5cfd-37a7-40db-83dc-16d75848d2f5"]
query: SELECT "Order"."id" AS "Order_id", "Order"."orderNumber" AS "Order_orderNumber", "Order"."customerInfo" AS "Order_customerInfo", "Order"."items" AS "Order_items", "Order"."subtotal" AS "Order_subtotal", "Order"."shipping" AS "Order_shipping", "Order"."tax" AS "Order_tax", "Order"."total" AS "Order_total", "Order"."paymentMethod" AS "Order_paymentMethod", "Order"."status" AS "Order_status", "Order"."notes" AS "Order_notes", "Order"."createdAt" AS "Order_createdAt", "Order"."updatedAt" AS "Order_updatedAt", "Order"."customerId" AS "Order_customerId", "Order"."storeId" AS "Order_storeId", "Order__Order_customer"."id" AS "Order__Order_customer_id", "Order__Order_customer"."email" AS "Order__Order_customer_email", "Order__Order_customer"."password" AS "Order__Order_customer_password", "Order__Order_customer"."firstName" AS "Order__Order_customer_firstName", "Order__Order_customer"."lastName" AS "Order__Order_customer_lastName", "Order__Order_customer"."role" AS "Order__Order_customer_role", "Order__Order_customer"."createdAt" AS "Order__Order_customer_createdAt", "Order__Order_customer"."updatedAt" AS "Order__Order_customer_updatedAt" FROM "orders" "Order" LEFT JOIN "users" "Order__Order_customer" ON "Order__Order_customer"."id"="Order"."customerId" WHERE (("Order"."status" IN (?, ?))) -- PARAMETERS: ["completed","delivered"]
query: SELECT "Product"."id" AS "Product_id", "Product"."name" AS "Product_name", "Product"."description" AS "Product_description", "Product"."price" AS "Product_price", "Product"."stock" AS "Product_stock", "Product"."category" AS "Product_category", "Product"."images" AS "Product_images", "Product"."storeId" AS "Product_storeId", "Product"."isAvailable" AS "Product_isAvailable", "Product"."weight" AS "Product_weight", "Product"."averageRating" AS "Product_averageRating", "Product"."reviewCount" AS "Product_reviewCount", "Product"."createdAt" AS "Product_createdAt", "Product"."updatedAt" AS "Product_updatedAt", "Product__Product_store"."id" AS "Product__Product_store_id", "Product__Product_store"."name" AS "Product__Product_store_name", "Product__Product_store"."slug" AS "Product__Product_store_slug", "Product__Product_store"."description" AS "Product__Product_store_description", "Product__Product_store"."ownerId" AS "Product__Product_store_ownerId", "Product__Product_store"."address" AS "Product__Product_store_address", "Product__Product_store"."phone" AS "Product__Product_store_phone", "Product__Product_store"."email" AS "Product__Product_store_email", "Product__Product_store"."logo" AS "Product__Product_store_logo", "Product__Product_store"."banner" AS "Product__Product_store_banner", "Product__Product_store"."isActive" AS "Product__Product_store_isActive", "Product__Product_store"."createdAt" AS "Product__Product_store_createdAt", "Product__Product_store"."updatedAt" AS "Product__Product_store_updatedAt" FROM "products" "Product" LEFT JOIN "stores" "Product__Product_store" ON "Product__Product_store"."id"="Product"."storeId" WHERE ( (("Product"."id" = ?)) ) AND ( "Product"."id" IN (?) ) -- PARAMETERS: ["442e5cfd-37a7-40db-83dc-16d75848d2f5","442e5cfd-37a7-40db-83dc-16d75848d2f5"]
query: SELECT "User"."id" AS "User_id", "User"."email" AS "User_email", "User"."password" AS "User_password", "User"."firstName" AS "User_firstName", "User"."lastName" AS "User_lastName", "User"."role" AS "User_role", "User"."createdAt" AS "User_createdAt", "User"."updatedAt" AS "User_updatedAt" FROM "users" "User" WHERE (("User"."id" = ?)) LIMIT 1 -- PARAMETERS: ["82bbaf0e-6b88-4618-882e-9158024e4b0c"]
query: SELECT "User"."id" AS "User_id", "User"."email" AS "User_email", "User"."password" AS "User_password", "User"."firstName" AS "User_firstName", "User"."lastName" AS "User_lastName", "User"."role" AS "User_role", "User"."createdAt" AS "User_createdAt", "User"."updatedAt" AS "User_updatedAt" FROM "users" "User" WHERE (("User"."id" = ?)) LIMIT 1 -- PARAMETERS: ["82bbaf0e-6b88-4618-882e-9158024e4b0c"]
query: SELECT "User"."id" AS "User_id", "User"."email" AS "User_email", "User"."password" AS "User_password", "User"."firstName" AS "User_firstName", "User"."lastName" AS "User_lastName", "User"."role" AS "User_role", "User"."createdAt" AS "User_createdAt", "User"."updatedAt" AS "User_updatedAt" FROM "users" "User" WHERE (("User"."id" = ?)) LIMIT 1 -- PARAMETERS: ["82bbaf0e-6b88-4618-882e-9158024e4b0c"]
query: SELECT "Review"."id" AS "Review_id", "Review"."userId" AS "Review_userId", "Review"."productId" AS "Review_productId", "Review"."rating" AS "Review_rating", "Review"."comment" AS "Review_comment", "Review"."createdAt" AS "Review_createdAt", "Review"."updatedAt" AS "Review_updatedAt" FROM "reviews" "Review" WHERE (("Review"."userId" = ?) AND ("Review"."productId" = ?)) LIMIT 1 -- PARAMETERS: ["82bbaf0e-6b88-4618-882e-9158024e4b0c","442e5cfd-37a7-40db-83dc-16d75848d2f5"]
query: SELECT "Order"."id" AS "Order_id", "Order"."orderNumber" AS "Order_orderNumber", "Order"."customerInfo" AS "Order_customerInfo", "Order"."items" AS "Order_items", "Order"."subtotal" AS "Order_subtotal", "Order"."shipping" AS "Order_shipping", "Order"."tax" AS "Order_tax", "Order"."total" AS "Order_total", "Order"."paymentMethod" AS "Order_paymentMethod", "Order"."status" AS "Order_status", "Order"."notes" AS "Order_notes", "Order"."createdAt" AS "Order_createdAt", "Order"."updatedAt" AS "Order_updatedAt", "Order"."customerId" AS "Order_customerId", "Order"."storeId" AS "Order_storeId", "Order__Order_customer"."id" AS "Order__Order_customer_id", "Order__Order_customer"."email" AS "Order__Order_customer_email", "Order__Order_customer"."password" AS "Order__Order_customer_password", "Order__Order_customer"."firstName" AS "Order__Order_customer_firstName", "Order__Order_customer"."lastName" AS "Order__Order_customer_lastName", "Order__Order_customer"."role" AS "Order__Order_customer_role", "Order__Order_customer"."createdAt" AS "Order__Order_customer_createdAt", "Order__Order_customer"."updatedAt" AS "Order__Order_customer_updatedAt" FROM "orders" "Order" LEFT JOIN "users" "Order__Order_customer" ON "Order__Order_customer"."id"="Order"."customerId" WHERE (("Order"."status" IN (?, ?))) -- PARAMETERS: ["completed","delivered"]
query: SELECT "User"."id" AS "User_id", "User"."email" AS "User_email", "User"."password" AS "User_password", "User"."firstName" AS "User_firstName", "User"."lastName" AS "User_lastName", "User"."role" AS "User_role", "User"."createdAt" AS "User_createdAt", "User"."updatedAt" AS "User_updatedAt" FROM "users" "User" WHERE (("User"."id" = ?)) LIMIT 1 -- PARAMETERS: ["82bbaf0e-6b88-4618-882e-9158024e4b0c"]
query: SELECT "User"."id" AS "User_id", "User"."email" AS "User_email", "User"."password" AS "User_password", "User"."firstName" AS "User_firstName", "User"."lastName" AS "User_lastName", "User"."role" AS "User_role", "User"."createdAt" AS "User_createdAt", "User"."updatedAt" AS "User_updatedAt" FROM "users" "User" WHERE (("User"."id" = ?)) LIMIT 1 -- PARAMETERS: ["82bbaf0e-6b88-4618-882e-9158024e4b0c"]
query: SELECT "User"."id" AS "User_id", "User"."email" AS "User_email", "User"."password" AS "User_password", "User"."firstName" AS "User_firstName", "User"."lastName" AS "User_lastName", "User"."role" AS "User_role", "User"."createdAt" AS "User_createdAt", "User"."updatedAt" AS "User_updatedAt" FROM "users" "User" WHERE (("User"."id" = ?)) LIMIT 1 -- PARAMETERS: ["82bbaf0e-6b88-4618-882e-9158024e4b0c"]
query: SELECT "Order"."id" AS "Order_id", "Order"."orderNumber" AS "Order_orderNumber", "Order"."customerInfo" AS "Order_customerInfo", "Order"."items" AS "Order_items", "Order"."subtotal" AS "Order_subtotal", "Order"."shipping" AS "Order_shipping", "Order"."tax" AS "Order_tax", "Order"."total" AS "Order_total", "Order"."paymentMethod" AS "Order_paymentMethod", "Order"."status" AS "Order_status", "Order"."notes" AS "Order_notes", "Order"."createdAt" AS "Order_createdAt", "Order"."updatedAt" AS "Order_updatedAt", "Order"."customerId" AS "Order_customerId", "Order"."storeId" AS "Order_storeId", "Order__Order_customer"."id" AS "Order__Order_customer_id", "Order__Order_customer"."email" AS "Order__Order_customer_email", "Order__Order_customer"."password" AS "Order__Order_customer_password", "Order__Order_customer"."firstName" AS "Order__Order_customer_firstName", "Order__Order_customer"."lastName" AS "Order__Order_customer_lastName", "Order__Order_customer"."role" AS "Order__Order_customer_role", "Order__Order_customer"."createdAt" AS "Order__Order_customer_createdAt", "Order__Order_customer"."updatedAt" AS "Order__Order_customer_updatedAt" FROM "orders" "Order" LEFT JOIN "users" "Order__Order_customer" ON "Order__Order_customer"."id"="Order"."customerId" WHERE (("Order"."status" IN (?, ?))) -- PARAMETERS: ["completed","delivered"]
query: SELECT "Review"."id" AS "Review_id", "Review"."userId" AS "Review_userId", "Review"."productId" AS "Review_productId", "Review"."rating" AS "Review_rating", "Review"."comment" AS "Review_comment", "Review"."createdAt" AS "Review_createdAt", "Review"."updatedAt" AS "Review_updatedAt" FROM "reviews" "Review" WHERE (("Review"."userId" = ?) AND ("Review"."productId" = ?)) LIMIT 1 -- PARAMETERS: ["82bbaf0e-6b88-4618-882e-9158024e4b0c","442e5cfd-37a7-40db-83dc-16d75848d2f5"]
query: BEGIN TRANSACTION
query: INSERT INTO "reviews"("id", "userId", "productId", "rating", "comment", "createdAt", "updatedAt") VALUES (?, ?, ?, 5, ?, datetime('now'), datetime('now')) -- PARAMETERS: ["0881d4e8-0ae8-42fa-bee4-03d6856e62be","82bbaf0e-6b88-4618-882e-9158024e4b0c","442e5cfd-37a7-40db-83dc-16d75848d2f5","good quality shoe"]
query: SELECT "Review"."id" AS "Review_id", "Review"."rating" AS "Review_rating", "Review"."createdAt" AS "Review_createdAt", "Review"."updatedAt" AS "Review_updatedAt" FROM "reviews" "Review" WHERE "Review"."id" = ? -- PARAMETERS: ["0881d4e8-0ae8-42fa-bee4-03d6856e62be"]
query: COMMIT
query: SELECT AVG("review"."rating") AS "average", COUNT("review"."id") AS "count" FROM "reviews" "review" WHERE "review"."productId" = ? -- PARAMETERS: ["442e5cfd-37a7-40db-83dc-16d75848d2f5"]
query: UPDATE "products" SET "averageRating" = 5, "reviewCount" = 1, "updatedAt" = CURRENT_TIMESTAMP WHERE "id" IN (?) -- PARAMETERS: ["442e5cfd-37a7-40db-83dc-16d75848d2f5"]
query: SELECT "Review"."id" AS "Review_id", "Review"."userId" AS "Review_userId", "Review"."productId" AS "Review_productId", "Review"."rating" AS "Review_rating", "Review"."comment" AS "Review_comment", "Review"."createdAt" AS "Review_createdAt", "Review"."updatedAt" AS "Review_updatedAt", "Review__Review_user"."id" AS "Review__Review_user_id", "Review__Review_user"."email" AS "Review__Review_user_email", "Review__Review_user"."password" AS "Review__Review_user_password", "Review__Review_user"."firstName" AS "Review__Review_user_firstName", "Review__Review_user"."lastName" AS "Review__Review_user_lastName", "Review__Review_user"."role" AS "Review__Review_user_role", "Review__Review_user"."createdAt" AS "Review__Review_user_createdAt", "Review__Review_user"."updatedAt" AS "Review__Review_user_updatedAt" FROM "reviews" "Review" LEFT JOIN "users" "Review__Review_user" ON "Review__Review_user"."id"="Review"."userId" WHERE (("Review"."productId" = ?)) ORDER BY "Review"."createdAt" DESC -- PARAMETERS: ["442e5cfd-37a7-40db-83dc-16d75848d2f5"]
query: SELECT AVG("review"."rating") AS "average", COUNT("review"."id") AS "count" FROM "reviews" "review" WHERE "review"."productId" = ? -- PARAMETERS: ["442e5cfd-37a7-40db-83dc-16d75848d2f5"]
query: SELECT "User"."id" AS "User_id", "User"."email" AS "User_email", "User"."password" AS "User_password", "User"."firstName" AS "User_firstName", "User"."lastName" AS "User_lastName", "User"."role" AS "User_role", "User"."createdAt" AS "User_createdAt", "User"."updatedAt" AS "User_updatedAt" FROM "users" "User" WHERE (("User"."id" = ?)) LIMIT 1 -- PARAMETERS: ["82bbaf0e-6b88-4618-882e-9158024e4b0c"]
query: SELECT "User"."id" AS "User_id", "User"."email" AS "User_email", "User"."password" AS "User_password", "User"."firstName" AS "User_firstName", "User"."lastName" AS "User_lastName", "User"."role" AS "User_role", "User"."createdAt" AS "User_createdAt", "User"."updatedAt" AS "User_updatedAt" FROM "users" "User" WHERE (("User"."id" = ?)) LIMIT 1 -- PARAMETERS: ["82bbaf0e-6b88-4618-882e-9158024e4b0c"]
query: SELECT "User"."id" AS "User_id", "User"."email" AS "User_email", "User"."password" AS "User_password", "User"."firstName" AS "User_firstName", "User"."lastName" AS "User_lastName", "User"."role" AS "User_role", "User"."createdAt" AS "User_createdAt", "User"."updatedAt" AS "User_updatedAt" FROM "users" "User" WHERE (("User"."id" = ?)) LIMIT 1 -- PARAMETERS: ["82bbaf0e-6b88-4618-882e-9158024e4b0c"]
query: SELECT "Review"."id" AS "Review_id", "Review"."userId" AS "Review_userId", "Review"."productId" AS "Review_productId", "Review"."rating" AS "Review_rating", "Review"."comment" AS "Review_comment", "Review"."createdAt" AS "Review_createdAt", "Review"."updatedAt" AS "Review_updatedAt" FROM "reviews" "Review" WHERE (("Review"."userId" = ?) AND ("Review"."productId" = ?)) LIMIT 1 -- PARAMETERS: ["82bbaf0e-6b88-4618-882e-9158024e4b0c","442e5cfd-37a7-40db-83dc-16d75848d2f5"]
query: SELECT "Order"."id" AS "Order_id", "Order"."orderNumber" AS "Order_orderNumber", "Order"."customerInfo" AS "Order_customerInfo", "Order"."items" AS "Order_items", "Order"."subtotal" AS "Order_subtotal", "Order"."shipping" AS "Order_shipping", "Order"."tax" AS "Order_tax", "Order"."total" AS "Order_total", "Order"."paymentMethod" AS "Order_paymentMethod", "Order"."status" AS "Order_status", "Order"."notes" AS "Order_notes", "Order"."createdAt" AS "Order_createdAt", "Order"."updatedAt" AS "Order_updatedAt", "Order"."customerId" AS "Order_customerId", "Order"."storeId" AS "Order_storeId", "Order__Order_customer"."id" AS "Order__Order_customer_id", "Order__Order_customer"."email" AS "Order__Order_customer_email", "Order__Order_customer"."password" AS "Order__Order_customer_password", "Order__Order_customer"."firstName" AS "Order__Order_customer_firstName", "Order__Order_customer"."lastName" AS "Order__Order_customer_lastName", "Order__Order_customer"."role" AS "Order__Order_customer_role", "Order__Order_customer"."createdAt" AS "Order__Order_customer_createdAt", "Order__Order_customer"."updatedAt" AS "Order__Order_customer_updatedAt" FROM "orders" "Order" LEFT JOIN "users" "Order__Order_customer" ON "Order__Order_customer"."id"="Order"."customerId" WHERE (("Order"."status" IN (?, ?))) -- PARAMETERS: ["completed","delivered"]
query: SELECT "User"."id" AS "User_id", "User"."email" AS "User_email", "User"."password" AS "User_password", "User"."firstName" AS "User_firstName", "User"."lastName" AS "User_lastName", "User"."role" AS "User_role", "User"."createdAt" AS "User_createdAt", "User"."updatedAt" AS "User_updatedAt" FROM "users" "User" WHERE (("User"."id" = ?)) LIMIT 1 -- PARAMETERS: ["82bbaf0e-6b88-4618-882e-9158024e4b0c"]
query: SELECT "Review"."id" AS "Review_id", "Review"."userId" AS "Review_userId", "Review"."productId" AS "Review_productId", "Review"."rating" AS "Review_rating", "Review"."comment" AS "Review_comment", "Review"."createdAt" AS "Review_createdAt", "Review"."updatedAt" AS "Review_updatedAt", "Review__Review_user"."id" AS "Review__Review_user_id", "Review__Review_user"."email" AS "Review__Review_user_email", "Review__Review_user"."password" AS "Review__Review_user_password", "Review__Review_user"."firstName" AS "Review__Review_user_firstName", "Review__Review_user"."lastName" AS "Review__Review_user_lastName", "Review__Review_user"."role" AS "Review__Review_user_role", "Review__Review_user"."createdAt" AS "Review__Review_user_createdAt", "Review__Review_user"."updatedAt" AS "Review__Review_user_updatedAt" FROM "reviews" "Review" LEFT JOIN "users" "Review__Review_user" ON "Review__Review_user"."id"="Review"."userId" WHERE (("Review"."productId" = ?)) ORDER BY "Review"."createdAt" DESC -- PARAMETERS: ["442e5cfd-37a7-40db-83dc-16d75848d2f5"]
query: SELECT AVG("review"."rating") AS "average", COUNT("review"."id") AS "count" FROM "reviews" "review" WHERE "review"."productId" = ? -- PARAMETERS: ["442e5cfd-37a7-40db-83dc-16d75848d2f5"]
query: SELECT DISTINCT "distinctAlias"."Product_id" AS "ids_Product_id" FROM (SELECT "Product"."id" AS "Product_id", "Product"."name" AS "Product_name", "Product"."description" AS "Product_description", "Product"."price" AS "Product_price", "Product"."stock" AS "Product_stock", "Product"."category" AS "Product_category", "Product"."images" AS "Product_images", "Product"."storeId" AS "Product_storeId", "Product"."isAvailable" AS "Product_isAvailable", "Product"."weight" AS "Product_weight", "Product"."averageRating" AS "Product_averageRating", "Product"."reviewCount" AS "Product_reviewCount", "Product"."createdAt" AS "Product_createdAt", "Product"."updatedAt" AS "Product_updatedAt", "Product__Product_store"."id" AS "Product__Product_store_id", "Product__Product_store"."name" AS "Product__Product_store_name", "Product__Product_store"."slug" AS "Product__Product_store_slug", "Product__Product_store"."description" AS "Product__Product_store_description", "Product__Product_store"."ownerId" AS "Product__Product_store_ownerId", "Product__Product_store"."address" AS "Product__Product_store_address", "Product__Product_store"."phone" AS "Product__Product_store_phone", "Product__Product_store"."email" AS "Product__Product_store_email", "Product__Product_store"."logo" AS "Product__Product_store_logo", "Product__Product_store"."banner" AS "Product__Product_store_banner", "Product__Product_store"."isActive" AS "Product__Product_store_isActive", "Product__Product_store"."createdAt" AS "Product__Product_store_createdAt", "Product__Product_store"."updatedAt" AS "Product__Product_store_updatedAt" FROM "products" "Product" LEFT JOIN "stores" "Product__Product_store" ON "Product__Product_store"."id"="Product"."storeId" WHERE (("Product"."id" = ?))) "distinctAlias" ORDER BY "Product_id" ASC LIMIT 1 -- PARAMETERS: ["442e5cfd-37a7-40db-83dc-16d75848d2f5"]
query: SELECT "Review"."id" AS "Review_id", "Review"."userId" AS "Review_userId", "Review"."productId" AS "Review_productId", "Review"."rating" AS "Review_rating", "Review"."comment" AS "Review_comment", "Review"."createdAt" AS "Review_createdAt", "Review"."updatedAt" AS "Review_updatedAt", "Review__Review_user"."id" AS "Review__Review_user_id", "Review__Review_user"."email" AS "Review__Review_user_email", "Review__Review_user"."password" AS "Review__Review_user_password", "Review__Review_user"."firstName" AS "Review__Review_user_firstName", "Review__Review_user"."lastName" AS "Review__Review_user_lastName", "Review__Review_user"."role" AS "Review__Review_user_role", "Review__Review_user"."createdAt" AS "Review__Review_user_createdAt", "Review__Review_user"."updatedAt" AS "Review__Review_user_updatedAt" FROM "reviews" "Review" LEFT JOIN "users" "Review__Review_user" ON "Review__Review_user"."id"="Review"."userId" WHERE (("Review"."productId" = ?)) ORDER BY "Review"."createdAt" DESC -- PARAMETERS: ["442e5cfd-37a7-40db-83dc-16d75848d2f5"]
query: SELECT "Product"."id" AS "Product_id", "Product"."name" AS "Product_name", "Product"."description" AS "Product_description", "Product"."price" AS "Product_price", "Product"."stock" AS "Product_stock", "Product"."category" AS "Product_category", "Product"."images" AS "Product_images", "Product"."storeId" AS "Product_storeId", "Product"."isAvailable" AS "Product_isAvailable", "Product"."weight" AS "Product_weight", "Product"."averageRating" AS "Product_averageRating", "Product"."reviewCount" AS "Product_reviewCount", "Product"."createdAt" AS "Product_createdAt", "Product"."updatedAt" AS "Product_updatedAt", "Product__Product_store"."id" AS "Product__Product_store_id", "Product__Product_store"."name" AS "Product__Product_store_name", "Product__Product_store"."slug" AS "Product__Product_store_slug", "Product__Product_store"."description" AS "Product__Product_store_description", "Product__Product_store"."ownerId" AS "Product__Product_store_ownerId", "Product__Product_store"."address" AS "Product__Product_store_address", "Product__Product_store"."phone" AS "Product__Product_store_phone", "Product__Product_store"."email" AS "Product__Product_store_email", "Product__Product_store"."logo" AS "Product__Product_store_logo", "Product__Product_store"."banner" AS "Product__Product_store_banner", "Product__Product_store"."isActive" AS "Product__Product_store_isActive", "Product__Product_store"."createdAt" AS "Product__Product_store_createdAt", "Product__Product_store"."updatedAt" AS "Product__Product_store_updatedAt" FROM "products" "Product" LEFT JOIN "stores" "Product__Product_store" ON "Product__Product_store"."id"="Product"."storeId" WHERE ( (("Product"."id" = ?)) ) AND ( "Product"."id" IN (?) ) -- PARAMETERS: ["442e5cfd-37a7-40db-83dc-16d75848d2f5","442e5cfd-37a7-40db-83dc-16d75848d2f5"]
query: SELECT AVG("review"."rating") AS "average", COUNT("review"."id") AS "count" FROM "reviews" "review" WHERE "review"."productId" = ? -- PARAMETERS: ["442e5cfd-37a7-40db-83dc-16d75848d2f5"]
query: SELECT "Review"."id" AS "Review_id", "Review"."userId" AS "Review_userId", "Review"."productId" AS "Review_productId", "Review"."rating" AS "Review_rating", "Review"."comment" AS "Review_comment", "Review"."createdAt" AS "Review_createdAt", "Review"."updatedAt" AS "Review_updatedAt", "Review__Review_user"."id" AS "Review__Review_user_id", "Review__Review_user"."email" AS "Review__Review_user_email", "Review__Review_user"."password" AS "Review__Review_user_password", "Review__Review_user"."firstName" AS "Review__Review_user_firstName", "Review__Review_user"."lastName" AS "Review__Review_user_lastName", "Review__Review_user"."role" AS "Review__Review_user_role", "Review__Review_user"."createdAt" AS "Review__Review_user_createdAt", "Review__Review_user"."updatedAt" AS "Review__Review_user_updatedAt" FROM "reviews" "Review" LEFT JOIN "users" "Review__Review_user" ON "Review__Review_user"."id"="Review"."userId" WHERE (("Review"."productId" = ?)) ORDER BY "Review"."createdAt" DESC -- PARAMETERS: ["442e5cfd-37a7-40db-83dc-16d75848d2f5"]
query: SELECT "User"."id" AS "User_id", "User"."email" AS "User_email", "User"."password" AS "User_password", "User"."firstName" AS "User_firstName", "User"."lastName" AS "User_lastName", "User"."role" AS "User_role", "User"."createdAt" AS "User_createdAt", "User"."updatedAt" AS "User_updatedAt" FROM "users" "User" WHERE (("User"."id" = ?)) LIMIT 1 -- PARAMETERS: ["82bbaf0e-6b88-4618-882e-9158024e4b0c"]
query: SELECT AVG("review"."rating") AS "average", COUNT("review"."id") AS "count" FROM "reviews" "review" WHERE "review"."productId" = ? -- PARAMETERS: ["442e5cfd-37a7-40db-83dc-16d75848d2f5"]
query: SELECT DISTINCT "distinctAlias"."Product_id" AS "ids_Product_id" FROM (SELECT "Product"."id" AS "Product_id", "Product"."name" AS "Product_name", "Product"."description" AS "Product_description", "Product"."price" AS "Product_price", "Product"."stock" AS "Product_stock", "Product"."category" AS "Product_category", "Product"."images" AS "Product_images", "Product"."storeId" AS "Product_storeId", "Product"."isAvailable" AS "Product_isAvailable", "Product"."weight" AS "Product_weight", "Product"."averageRating" AS "Product_averageRating", "Product"."reviewCount" AS "Product_reviewCount", "Product"."createdAt" AS "Product_createdAt", "Product"."updatedAt" AS "Product_updatedAt", "Product__Product_store"."id" AS "Product__Product_store_id", "Product__Product_store"."name" AS "Product__Product_store_name", "Product__Product_store"."slug" AS "Product__Product_store_slug", "Product__Product_store"."description" AS "Product__Product_store_description", "Product__Product_store"."ownerId" AS "Product__Product_store_ownerId", "Product__Product_store"."address" AS "Product__Product_store_address", "Product__Product_store"."phone" AS "Product__Product_store_phone", "Product__Product_store"."email" AS "Product__Product_store_email", "Product__Product_store"."logo" AS "Product__Product_store_logo", "Product__Product_store"."banner" AS "Product__Product_store_banner", "Product__Product_store"."isActive" AS "Product__Product_store_isActive", "Product__Product_store"."createdAt" AS "Product__Product_store_createdAt", "Product__Product_store"."updatedAt" AS "Product__Product_store_updatedAt" FROM "products" "Product" LEFT JOIN "stores" "Product__Product_store" ON "Product__Product_store"."id"="Product"."storeId" WHERE (("Product"."id" = ?))) "distinctAlias" ORDER BY "Product_id" ASC LIMIT 1 -- PARAMETERS: ["442e5cfd-37a7-40db-83dc-16d75848d2f5"]
query: SELECT "Product"."id" AS "Product_id", "Product"."name" AS "Product_name", "Product"."description" AS "Product_description", "Product"."price" AS "Product_price", "Product"."stock" AS "Product_stock", "Product"."category" AS "Product_category", "Product"."images" AS "Product_images", "Product"."storeId" AS "Product_storeId", "Product"."isAvailable" AS "Product_isAvailable", "Product"."weight" AS "Product_weight", "Product"."averageRating" AS "Product_averageRating", "Product"."reviewCount" AS "Product_reviewCount", "Product"."createdAt" AS "Product_createdAt", "Product"."updatedAt" AS "Product_updatedAt", "Product__Product_store"."id" AS "Product__Product_store_id", "Product__Product_store"."name" AS "Product__Product_store_name", "Product__Product_store"."slug" AS "Product__Product_store_slug", "Product__Product_store"."description" AS "Product__Product_store_description", "Product__Product_store"."ownerId" AS "Product__Product_store_ownerId", "Product__Product_store"."address" AS "Product__Product_store_address", "Product__Product_store"."phone" AS "Product__Product_store_phone", "Product__Product_store"."email" AS "Product__Product_store_email", "Product__Product_store"."logo" AS "Product__Product_store_logo", "Product__Product_store"."banner" AS "Product__Product_store_banner", "Product__Product_store"."isActive" AS "Product__Product_store_isActive", "Product__Product_store"."createdAt" AS "Product__Product_store_createdAt", "Product__Product_store"."updatedAt" AS "Product__Product_store_updatedAt" FROM "products" "Product" LEFT JOIN "stores" "Product__Product_store" ON "Product__Product_store"."id"="Product"."storeId" WHERE ( (("Product"."id" = ?)) ) AND ( "Product"."id" IN (?) ) -- PARAMETERS: ["442e5cfd-37a7-40db-83dc-16d75848d2f5","442e5cfd-37a7-40db-83dc-16d75848d2f5"]
query: SELECT "User"."id" AS "User_id", "User"."email" AS "User_email", "User"."password" AS "User_password", "User"."firstName" AS "User_firstName", "User"."lastName" AS "User_lastName", "User"."role" AS "User_role", "User"."createdAt" AS "User_createdAt", "User"."updatedAt" AS "User_updatedAt" FROM "users" "User" WHERE (("User"."id" = ?)) LIMIT 1 -- PARAMETERS: ["82bbaf0e-6b88-4618-882e-9158024e4b0c"]
query: SELECT "User"."id" AS "User_id", "User"."email" AS "User_email", "User"."password" AS "User_password", "User"."firstName" AS "User_firstName", "User"."lastName" AS "User_lastName", "User"."role" AS "User_role", "User"."createdAt" AS "User_createdAt", "User"."updatedAt" AS "User_updatedAt" FROM "users" "User" WHERE (("User"."id" = ?)) LIMIT 1 -- PARAMETERS: ["82bbaf0e-6b88-4618-882e-9158024e4b0c"]
query: SELECT DISTINCT "distinctAlias"."Product_id" AS "ids_Product_id" FROM (SELECT "Product"."id" AS "Product_id", "Product"."name" AS "Product_name", "Product"."description" AS "Product_description", "Product"."price" AS "Product_price", "Product"."stock" AS "Product_stock", "Product"."category" AS "Product_category", "Product"."images" AS "Product_images", "Product"."storeId" AS "Product_storeId", "Product"."isAvailable" AS "Product_isAvailable", "Product"."weight" AS "Product_weight", "Product"."averageRating" AS "Product_averageRating", "Product"."reviewCount" AS "Product_reviewCount", "Product"."createdAt" AS "Product_createdAt", "Product"."updatedAt" AS "Product_updatedAt", "Product__Product_store"."id" AS "Product__Product_store_id", "Product__Product_store"."name" AS "Product__Product_store_name", "Product__Product_store"."slug" AS "Product__Product_store_slug", "Product__Product_store"."description" AS "Product__Product_store_description", "Product__Product_store"."ownerId" AS "Product__Product_store_ownerId", "Product__Product_store"."address" AS "Product__Product_store_address", "Product__Product_store"."phone" AS "Product__Product_store_phone", "Product__Product_store"."email" AS "Product__Product_store_email", "Product__Product_store"."logo" AS "Product__Product_store_logo", "Product__Product_store"."banner" AS "Product__Product_store_banner", "Product__Product_store"."isActive" AS "Product__Product_store_isActive", "Product__Product_store"."createdAt" AS "Product__Product_store_createdAt", "Product__Product_store"."updatedAt" AS "Product__Product_store_updatedAt" FROM "products" "Product" LEFT JOIN "stores" "Product__Product_store" ON "Product__Product_store"."id"="Product"."storeId" WHERE (("Product"."id" = ?))) "distinctAlias" ORDER BY "Product_id" ASC LIMIT 1 -- PARAMETERS: ["442e5cfd-37a7-40db-83dc-16d75848d2f5"]
query: SELECT "User"."id" AS "User_id", "User"."email" AS "User_email", "User"."password" AS "User_password", "User"."firstName" AS "User_firstName", "User"."lastName" AS "User_lastName", "User"."role" AS "User_role", "User"."createdAt" AS "User_createdAt", "User"."updatedAt" AS "User_updatedAt" FROM "users" "User" WHERE (("User"."id" = ?)) LIMIT 1 -- PARAMETERS: ["82bbaf0e-6b88-4618-882e-9158024e4b0c"]
query: SELECT "Product"."id" AS "Product_id", "Product"."name" AS "Product_name", "Product"."description" AS "Product_description", "Product"."price" AS "Product_price", "Product"."stock" AS "Product_stock", "Product"."category" AS "Product_category", "Product"."images" AS "Product_images", "Product"."storeId" AS "Product_storeId", "Product"."isAvailable" AS "Product_isAvailable", "Product"."weight" AS "Product_weight", "Product"."averageRating" AS "Product_averageRating", "Product"."reviewCount" AS "Product_reviewCount", "Product"."createdAt" AS "Product_createdAt", "Product"."updatedAt" AS "Product_updatedAt", "Product__Product_store"."id" AS "Product__Product_store_id", "Product__Product_store"."name" AS "Product__Product_store_name", "Product__Product_store"."slug" AS "Product__Product_store_slug", "Product__Product_store"."description" AS "Product__Product_store_description", "Product__Product_store"."ownerId" AS "Product__Product_store_ownerId", "Product__Product_store"."address" AS "Product__Product_store_address", "Product__Product_store"."phone" AS "Product__Product_store_phone", "Product__Product_store"."email" AS "Product__Product_store_email", "Product__Product_store"."logo" AS "Product__Product_store_logo", "Product__Product_store"."banner" AS "Product__Product_store_banner", "Product__Product_store"."isActive" AS "Product__Product_store_isActive", "Product__Product_store"."createdAt" AS "Product__Product_store_createdAt", "Product__Product_store"."updatedAt" AS "Product__Product_store_updatedAt" FROM "products" "Product" LEFT JOIN "stores" "Product__Product_store" ON "Product__Product_store"."id"="Product"."storeId" WHERE ( (("Product"."id" = ?)) ) AND ( "Product"."id" IN (?) ) -- PARAMETERS: ["442e5cfd-37a7-40db-83dc-16d75848d2f5","442e5cfd-37a7-40db-83dc-16d75848d2f5"]
query: SELECT "User"."id" AS "User_id", "User"."email" AS "User_email", "User"."password" AS "User_password", "User"."firstName" AS "User_firstName", "User"."lastName" AS "User_lastName", "User"."role" AS "User_role", "User"."createdAt" AS "User_createdAt", "User"."updatedAt" AS "User_updatedAt" FROM "users" "User" WHERE (("User"."id" = ?)) LIMIT 1 -- PARAMETERS: ["82bbaf0e-6b88-4618-882e-9158024e4b0c"]
query: SELECT "Review"."id" AS "Review_id", "Review"."userId" AS "Review_userId", "Review"."productId" AS "Review_productId", "Review"."rating" AS "Review_rating", "Review"."comment" AS "Review_comment", "Review"."createdAt" AS "Review_createdAt", "Review"."updatedAt" AS "Review_updatedAt" FROM "reviews" "Review" WHERE (("Review"."userId" = ?) AND ("Review"."productId" = ?)) LIMIT 1 -- PARAMETERS: ["82bbaf0e-6b88-4618-882e-9158024e4b0c","442e5cfd-37a7-40db-83dc-16d75848d2f5"]
query: SELECT "Order"."id" AS "Order_id", "Order"."orderNumber" AS "Order_orderNumber", "Order"."customerInfo" AS "Order_customerInfo", "Order"."items" AS "Order_items", "Order"."subtotal" AS "Order_subtotal", "Order"."shipping" AS "Order_shipping", "Order"."tax" AS "Order_tax", "Order"."total" AS "Order_total", "Order"."paymentMethod" AS "Order_paymentMethod", "Order"."status" AS "Order_status", "Order"."notes" AS "Order_notes", "Order"."createdAt" AS "Order_createdAt", "Order"."updatedAt" AS "Order_updatedAt", "Order"."customerId" AS "Order_customerId", "Order"."storeId" AS "Order_storeId", "Order__Order_customer"."id" AS "Order__Order_customer_id", "Order__Order_customer"."email" AS "Order__Order_customer_email", "Order__Order_customer"."password" AS "Order__Order_customer_password", "Order__Order_customer"."firstName" AS "Order__Order_customer_firstName", "Order__Order_customer"."lastName" AS "Order__Order_customer_lastName", "Order__Order_customer"."role" AS "Order__Order_customer_role", "Order__Order_customer"."createdAt" AS "Order__Order_customer_createdAt", "Order__Order_customer"."updatedAt" AS "Order__Order_customer_updatedAt" FROM "orders" "Order" LEFT JOIN "users" "Order__Order_customer" ON "Order__Order_customer"."id"="Order"."customerId" WHERE (("Order"."status" IN (?, ?))) -- PARAMETERS: ["completed","delivered"]
query: SELECT "User"."id" AS "User_id", "User"."email" AS "User_email", "User"."password" AS "User_password", "User"."firstName" AS "User_firstName", "User"."lastName" AS "User_lastName", "User"."role" AS "User_role", "User"."createdAt" AS "User_createdAt", "User"."updatedAt" AS "User_updatedAt" FROM "users" "User" WHERE (("User"."id" = ?)) LIMIT 1 -- PARAMETERS: ["82bbaf0e-6b88-4618-882e-9158024e4b0c"]
query: SELECT DISTINCT "distinctAlias"."Store_id" AS "ids_Store_id" FROM (SELECT "Store"."id" AS "Store_id", "Store"."name" AS "Store_name", "Store"."slug" AS "Store_slug", "Store"."description" AS "Store_description", "Store"."ownerId" AS "Store_ownerId", "Store"."address" AS "Store_address", "Store"."phone" AS "Store_phone", "Store"."email" AS "Store_email", "Store"."logo" AS "Store_logo", "Store"."banner" AS "Store_banner", "Store"."isActive" AS "Store_isActive", "Store"."createdAt" AS "Store_createdAt", "Store"."updatedAt" AS "Store_updatedAt", "Store__Store_owner"."id" AS "Store__Store_owner_id", "Store__Store_owner"."email" AS "Store__Store_owner_email", "Store__Store_owner"."password" AS "Store__Store_owner_password", "Store__Store_owner"."firstName" AS "Store__Store_owner_firstName", "Store__Store_owner"."lastName" AS "Store__Store_owner_lastName", "Store__Store_owner"."role" AS "Store__Store_owner_role", "Store__Store_owner"."createdAt" AS "Store__Store_owner_createdAt", "Store__Store_owner"."updatedAt" AS "Store__Store_owner_updatedAt" FROM "stores" "Store" LEFT JOIN "users" "Store__Store_owner" ON "Store__Store_owner"."id"="Store"."ownerId" WHERE (("Store"."slug" = ?))) "distinctAlias" ORDER BY "Store_id" ASC LIMIT 1 -- PARAMETERS: ["zap-shoes"]
query: SELECT "Store"."id" AS "Store_id", "Store"."name" AS "Store_name", "Store"."slug" AS "Store_slug", "Store"."description" AS "Store_description", "Store"."ownerId" AS "Store_ownerId", "Store"."address" AS "Store_address", "Store"."phone" AS "Store_phone", "Store"."email" AS "Store_email", "Store"."logo" AS "Store_logo", "Store"."banner" AS "Store_banner", "Store"."isActive" AS "Store_isActive", "Store"."createdAt" AS "Store_createdAt", "Store"."updatedAt" AS "Store_updatedAt", "Store__Store_owner"."id" AS "Store__Store_owner_id", "Store__Store_owner"."email" AS "Store__Store_owner_email", "Store__Store_owner"."password" AS "Store__Store_owner_password", "Store__Store_owner"."firstName" AS "Store__Store_owner_firstName", "Store__Store_owner"."lastName" AS "Store__Store_owner_lastName", "Store__Store_owner"."role" AS "Store__Store_owner_role", "Store__Store_owner"."createdAt" AS "Store__Store_owner_createdAt", "Store__Store_owner"."updatedAt" AS "Store__Store_owner_updatedAt" FROM "stores" "Store" LEFT JOIN "users" "Store__Store_owner" ON "Store__Store_owner"."id"="Store"."ownerId" WHERE ( (("Store"."slug" = ?)) ) AND ( "Store"."id" IN (?) ) -- PARAMETERS: ["zap-shoes","e4f25d96-6c5d-4226-bf30-baa8d16e7f77"]
query: SELECT "User"."id" AS "User_id", "User"."email" AS "User_email", "User"."password" AS "User_password", "User"."firstName" AS "User_firstName", "User"."lastName" AS "User_lastName", "User"."role" AS "User_role", "User"."createdAt" AS "User_createdAt", "User"."updatedAt" AS "User_updatedAt" FROM "users" "User" WHERE (("User"."id" = ?)) LIMIT 1 -- PARAMETERS: ["82bbaf0e-6b88-4618-882e-9158024e4b0c"]
query: SELECT DISTINCT "distinctAlias"."Store_id" AS "ids_Store_id" FROM (SELECT "Store"."id" AS "Store_id", "Store"."name" AS "Store_name", "Store"."slug" AS "Store_slug", "Store"."description" AS "Store_description", "Store"."ownerId" AS "Store_ownerId", "Store"."address" AS "Store_address", "Store"."phone" AS "Store_phone", "Store"."email" AS "Store_email", "Store"."logo" AS "Store_logo", "Store"."banner" AS "Store_banner", "Store"."isActive" AS "Store_isActive", "Store"."createdAt" AS "Store_createdAt", "Store"."updatedAt" AS "Store_updatedAt", "Store__Store_owner"."id" AS "Store__Store_owner_id", "Store__Store_owner"."email" AS "Store__Store_owner_email", "Store__Store_owner"."password" AS "Store__Store_owner_password", "Store__Store_owner"."firstName" AS "Store__Store_owner_firstName", "Store__Store_owner"."lastName" AS "Store__Store_owner_lastName", "Store__Store_owner"."role" AS "Store__Store_owner_role", "Store__Store_owner"."createdAt" AS "Store__Store_owner_createdAt", "Store__Store_owner"."updatedAt" AS "Store__Store_owner_updatedAt" FROM "stores" "Store" LEFT JOIN "users" "Store__Store_owner" ON "Store__Store_owner"."id"="Store"."ownerId" WHERE (("Store"."slug" = ?))) "distinctAlias" ORDER BY "Store_id" ASC LIMIT 1 -- PARAMETERS: ["zap-shoes"]
query: SELECT "Store"."id" AS "Store_id", "Store"."name" AS "Store_name", "Store"."slug" AS "Store_slug", "Store"."description" AS "Store_description", "Store"."ownerId" AS "Store_ownerId", "Store"."address" AS "Store_address", "Store"."phone" AS "Store_phone", "Store"."email" AS "Store_email", "Store"."logo" AS "Store_logo", "Store"."banner" AS "Store_banner", "Store"."isActive" AS "Store_isActive", "Store"."createdAt" AS "Store_createdAt", "Store"."updatedAt" AS "Store_updatedAt", "Store__Store_owner"."id" AS "Store__Store_owner_id", "Store__Store_owner"."email" AS "Store__Store_owner_email", "Store__Store_owner"."password" AS "Store__Store_owner_password", "Store__Store_owner"."firstName" AS "Store__Store_owner_firstName", "Store__Store_owner"."lastName" AS "Store__Store_owner_lastName", "Store__Store_owner"."role" AS "Store__Store_owner_role", "Store__Store_owner"."createdAt" AS "Store__Store_owner_createdAt", "Store__Store_owner"."updatedAt" AS "Store__Store_owner_updatedAt" FROM "stores" "Store" LEFT JOIN "users" "Store__Store_owner" ON "Store__Store_owner"."id"="Store"."ownerId" WHERE ( (("Store"."slug" = ?)) ) AND ( "Store"."id" IN (?) ) -- PARAMETERS: ["zap-shoes","e4f25d96-6c5d-4226-bf30-baa8d16e7f77"]
query: SELECT "User"."id" AS "User_id", "User"."email" AS "User_email", "User"."password" AS "User_password", "User"."firstName" AS "User_firstName", "User"."lastName" AS "User_lastName", "User"."role" AS "User_role", "User"."createdAt" AS "User_createdAt", "User"."updatedAt" AS "User_updatedAt" FROM "users" "User" WHERE (("User"."id" = ?)) LIMIT 1 -- PARAMETERS: ["82bbaf0e-6b88-4618-882e-9158024e4b0c"]
query: SELECT "Product"."id" AS "Product_id", "Product"."name" AS "Product_name", "Product"."description" AS "Product_description", "Product"."price" AS "Product_price", "Product"."stock" AS "Product_stock", "Product"."category" AS "Product_category", "Product"."images" AS "Product_images", "Product"."storeId" AS "Product_storeId", "Product"."isAvailable" AS "Product_isAvailable", "Product"."weight" AS "Product_weight", "Product"."averageRating" AS "Product_averageRating", "Product"."reviewCount" AS "Product_reviewCount", "Product"."createdAt" AS "Product_createdAt", "Product"."updatedAt" AS "Product_updatedAt", "Product__Product_store"."id" AS "Product__Product_store_id", "Product__Product_store"."name" AS "Product__Product_store_name", "Product__Product_store"."slug" AS "Product__Product_store_slug", "Product__Product_store"."description" AS "Product__Product_store_description", "Product__Product_store"."ownerId" AS "Product__Product_store_ownerId", "Product__Product_store"."address" AS "Product__Product_store_address", "Product__Product_store"."phone" AS "Product__Product_store_phone", "Product__Product_store"."email" AS "Product__Product_store_email", "Product__Product_store"."logo" AS "Product__Product_store_logo", "Product__Product_store"."banner" AS "Product__Product_store_banner", "Product__Product_store"."isActive" AS "Product__Product_store_isActive", "Product__Product_store"."createdAt" AS "Product__Product_store_createdAt", "Product__Product_store"."updatedAt" AS "Product__Product_store_updatedAt" FROM "products" "Product" LEFT JOIN "stores" "Product__Product_store" ON "Product__Product_store"."id"="Product"."storeId" WHERE (("Product"."storeId" = ?)) -- PARAMETERS: ["e4f25d96-6c5d-4226-bf30-baa8d16e7f77"]
query: SELECT "User"."id" AS "User_id", "User"."email" AS "User_email", "User"."password" AS "User_password", "User"."firstName" AS "User_firstName", "User"."lastName" AS "User_lastName", "User"."role" AS "User_role", "User"."createdAt" AS "User_createdAt", "User"."updatedAt" AS "User_updatedAt" FROM "users" "User" WHERE (("User"."id" = ?)) LIMIT 1 -- PARAMETERS: ["82bbaf0e-6b88-4618-882e-9158024e4b0c"]
query: SELECT "Product"."id" AS "Product_id", "Product"."name" AS "Product_name", "Product"."description" AS "Product_description", "Product"."price" AS "Product_price", "Product"."stock" AS "Product_stock", "Product"."category" AS "Product_category", "Product"."images" AS "Product_images", "Product"."storeId" AS "Product_storeId", "Product"."isAvailable" AS "Product_isAvailable", "Product"."weight" AS "Product_weight", "Product"."averageRating" AS "Product_averageRating", "Product"."reviewCount" AS "Product_reviewCount", "Product"."createdAt" AS "Product_createdAt", "Product"."updatedAt" AS "Product_updatedAt", "Product__Product_store"."id" AS "Product__Product_store_id", "Product__Product_store"."name" AS "Product__Product_store_name", "Product__Product_store"."slug" AS "Product__Product_store_slug", "Product__Product_store"."description" AS "Product__Product_store_description", "Product__Product_store"."ownerId" AS "Product__Product_store_ownerId", "Product__Product_store"."address" AS "Product__Product_store_address", "Product__Product_store"."phone" AS "Product__Product_store_phone", "Product__Product_store"."email" AS "Product__Product_store_email", "Product__Product_store"."logo" AS "Product__Product_store_logo", "Product__Product_store"."banner" AS "Product__Product_store_banner", "Product__Product_store"."isActive" AS "Product__Product_store_isActive", "Product__Product_store"."createdAt" AS "Product__Product_store_createdAt", "Product__Product_store"."updatedAt" AS "Product__Product_store_updatedAt" FROM "products" "Product" LEFT JOIN "stores" "Product__Product_store" ON "Product__Product_store"."id"="Product"."storeId" WHERE (("Product"."storeId" = ?)) -- PARAMETERS: ["e4f25d96-6c5d-4226-bf30-baa8d16e7f77"]
